[2026-03-14T12:19:57.603Z] [TX-START  ] Route: POST /auth/register | User: victim.zara@wps.com
[2026-03-14T12:19:57.756Z] [TX-ROLLBACK] Route: POST /auth/register | Reason: Duplicate entry 'victim.zara@wps.com' for key 'user.Email'
[2026-03-14T15:10:31.187Z] [TX-START  ] Route: POST /password-recovery | User: vol.ayesha@test.com
[2026-03-14T15:10:31.191Z] [TX-ROLLBACK] Route: POST /password-recovery | Reason: User not found: vol.ayesha@test.com
[2026-03-14T15:11:31.456Z] [SUCCESS   ] Login: U005 | Roles: Dispatcher
[2026-03-14T15:12:14.472Z] [TX-START  ] Route: POST /password-recovery | User: dispatcher.omar@wps.com
[2026-03-14T15:12:14.482Z] [INFO      ] Inserted Password_Recovery: 4bc55fd977c70bc4869d | User: dispatcher.omar@wps.com | Admin: U002
[2026-03-14T15:12:14.485Z] [TX-COMMIT ] Route: POST /password-recovery | Recovery request 4bc55fd977c70bc4869d created
[2026-03-14T15:19:16.058Z] [SUCCESS   ] Login: U002 | Roles: Admin
[2026-03-14T15:20:15.593Z] [TX-START  ] Route: PUT /password-recovery/:id/reset-password | User: U002
[2026-03-14T15:20:15.596Z] [TX-ROLLBACK] Route: PUT /password-recovery/:id/reset-password | Reason: Already processed: PR002
[2026-03-14T15:20:46.153Z] [TX-START  ] Route: POST /victim/register | User: U002
[2026-03-14T15:20:46.156Z] [TX-ROLLBACK] Route: POST /victim/register | Reason: Invalid Emergency_contact format
[2026-03-14T15:20:57.987Z] [TX-START  ] Route: POST /victim/register | User: U002
[2026-03-14T15:20:57.990Z] [INFO      ] Inserted Victim: U002
[2026-03-14T15:20:57.992Z] [TX-COMMIT ] Route: POST /victim/register | User U002 registered as Victim
[2026-03-14T15:22:29.476Z] [SUCCESS   ] Login: U002 | Roles: Victim, Admin
[2026-03-14T15:23:59.127Z] [TX-START  ] Route: POST /victim/register | User: U002
[2026-03-14T15:23:59.129Z] [TX-ROLLBACK] Route: POST /victim/register | Reason: Already a victim: U002
[2026-03-14T15:25:07.004Z] [TX-START  ] Route: POST /victim/request | User: U002
[2026-03-14T15:25:07.006Z] [TX-ROLLBACK] Route: POST /victim/request | Reason: No dispatchers available
[2026-03-14T15:26:19.669Z] [TX-START  ] Route: PUT /password-recovery/:id/reset-password | User: U002
[2026-03-14T15:26:19.671Z] [TX-ROLLBACK] Route: PUT /password-recovery/:id/reset-password | Reason: Not found: P2345
[2026-03-14T15:26:41.299Z] [TX-START  ] Route: PUT /password-recovery/:id/reset-password | User: U002
[2026-03-14T15:26:41.301Z] [TX-ROLLBACK] Route: PUT /password-recovery/:id/reset-password | Reason: Already processed: PR001
[2026-03-14T15:29:52.228Z] [TX-START  ] Route: PUT /password-recovery/:id | User: U002
[2026-03-14T15:29:52.231Z] [TX-ROLLBACK] Route: PUT /password-recovery/:id | Reason: Not found: PR000
[2026-03-14T15:29:59.263Z] [TX-START  ] Route: DELETE /password-recovery/:id | User: U002
[2026-03-14T15:29:59.265Z] [TX-ROLLBACK] Route: DELETE /password-recovery/:id | Reason: Not found: PR000
[2026-03-14T15:30:09.039Z] [TX-START  ] Route: PUT /password-recovery/:id | User: U002
[2026-03-14T15:30:09.041Z] [TX-ROLLBACK] Route: PUT /password-recovery/:id | Reason: Already processed: PR001
[2026-03-14T15:30:22.796Z] [TX-START  ] Route: DELETE /password-recovery/:id | User: U002
[2026-03-14T15:30:22.807Z] [TX-COMMIT ] Route: DELETE /password-recovery/:id | Recovery PR001 deleted
[2026-03-14T15:30:24.962Z] [TX-START  ] Route: DELETE /password-recovery/:id | User: U002
[2026-03-14T15:30:24.965Z] [TX-ROLLBACK] Route: DELETE /password-recovery/:id | Reason: Not found: PR001
[2026-03-14T15:32:30.036Z] [SUCCESS   ] Login: U009 | Roles: Volunteer
[2026-03-14T15:45:57.125Z] [TX-START  ] Route: PUT /volunteer/assignment/:id | User: U009
[2026-03-14T15:45:57.135Z] [ERROR     ] Status update failed | Volunteer: U009 | Assignment: A001
[2026-03-15T07:23:32.936Z] [SUCCESS   ] Login: U009 | Roles: Volunteer
[2026-03-15T13:02:15.220Z] [SUCCESS   ] Login: U019 | Roles: Victim
[2026-03-15T13:02:15.282Z] [SUCCESS   ] Login: U001 | Roles: Admin
[2026-03-15T13:02:15.337Z] [SUCCESS   ] Login: U002 | Roles: Admin
[2026-03-15T13:02:15.341Z] [TX-START  ] Route: POST /password-recovery | User: victim.zara@wps.com
[2026-03-15T13:02:15.348Z] [INFO      ] Inserted Password_Recovery: e5eab8fd8925564adfda | User: victim.zara@wps.com | Admin: U002
[2026-03-15T13:02:15.351Z] [TX-COMMIT ] Route: POST /password-recovery | Recovery request e5eab8fd8925564adfda created
[2026-03-15T13:02:15.362Z] [TX-START  ] Route: PUT /password-recovery/:id | User: U001
[2026-03-15T13:02:15.364Z] [TX-ROLLBACK] Route: PUT /password-recovery/:id | Reason: Check constraint 'password_recovery_chk_1' is violated.
[2026-03-15T13:02:15.366Z] [TX-START  ] Route: PUT /password-recovery/:id/reset-password | User: U001
[2026-03-15T13:02:15.419Z] [INFO      ] Password updated for: victim.zara@wps.com
[2026-03-15T13:02:15.422Z] [TX-COMMIT ] Route: PUT /password-recovery/:id/reset-password | Password reset for victim.zara@wps.com
[2026-03-15T13:02:15.425Z] [TX-START  ] Route: PUT /password-recovery/:id/reset-password | User: U001
[2026-03-15T13:02:15.427Z] [TX-ROLLBACK] Route: PUT /password-recovery/:id/reset-password | Reason: Already processed: e5eab8fd8925564adfda
[2026-03-15T13:02:15.429Z] [TX-START  ] Route: PUT /password-recovery/:id | User: U001
[2026-03-15T13:02:15.430Z] [TX-ROLLBACK] Route: PUT /password-recovery/:id | Reason: Already processed: e5eab8fd8925564adfda
[2026-03-15T13:02:15.433Z] [TX-START  ] Route: POST /password-recovery | User: victim.zara@wps.com
[2026-03-15T13:02:15.435Z] [INFO      ] Inserted Password_Recovery: 3b77eae2d4f79a366166 | User: victim.zara@wps.com | Admin: U003
[2026-03-15T13:02:15.436Z] [TX-COMMIT ] Route: POST /password-recovery | Recovery request 3b77eae2d4f79a366166 created
[2026-03-15T13:02:15.439Z] [TX-START  ] Route: PUT /password-recovery/:id/reset-password | User: U001
[2026-03-15T13:02:15.440Z] [TX-START  ] Route: PUT /password-recovery/:id/reset-password | User: U002
[2026-03-15T13:02:15.493Z] [INFO      ] Password updated for: victim.zara@wps.com
[2026-03-15T13:02:15.495Z] [TX-COMMIT ] Route: PUT /password-recovery/:id/reset-password | Password reset for victim.zara@wps.com
[2026-03-15T13:02:15.496Z] [TX-ROLLBACK] Route: PUT /password-recovery/:id/reset-password | Reason: Already processed: 3b77eae2d4f79a366166
[2026-03-15T13:02:15.499Z] [TX-START  ] Route: POST /password-recovery | User: victim.zara@wps.com
[2026-03-15T13:02:15.501Z] [INFO      ] Inserted Password_Recovery: 5676400880d28c34e89d | User: victim.zara@wps.com | Admin: U001
[2026-03-15T13:02:15.503Z] [TX-COMMIT ] Route: POST /password-recovery | Recovery request 5676400880d28c34e89d created
[2026-03-15T13:02:15.505Z] [TX-START  ] Route: POST /password-recovery | User: victim.zara@wps.com
[2026-03-15T13:02:15.507Z] [INFO      ] Inserted Password_Recovery: 4ffd21e633378d127873 | User: victim.zara@wps.com | Admin: U001
[2026-03-15T13:02:15.509Z] [TX-COMMIT ] Route: POST /password-recovery | Recovery request 4ffd21e633378d127873 created
[2026-03-15T13:02:15.511Z] [TX-START  ] Route: POST /password-recovery | User: victim.zara@wps.com
[2026-03-15T13:02:15.513Z] [INFO      ] Inserted Password_Recovery: eb151c6542333c5ac3a8 | User: victim.zara@wps.com | Admin: U001
[2026-03-15T13:02:15.515Z] [TX-COMMIT ] Route: POST /password-recovery | Recovery request eb151c6542333c5ac3a8 created
[2026-03-15T13:28:46.068Z] [SUCCESS   ] Login: U020 | Roles: Victim
[2026-03-15T13:28:46.173Z] [SUCCESS   ] Login: U019 | Roles: Victim
[2026-03-15T13:28:46.268Z] [SUCCESS   ] Login: U001 | Roles: Admin
[2026-03-15T13:28:46.369Z] [SUCCESS   ] Login: U002 | Roles: Admin
[2026-03-15T13:28:46.463Z] [SUCCESS   ] Login: U004 | Roles: Dispatcher
[2026-03-15T13:28:46.470Z] [TX-START  ] Route: POST /password-recovery | User: victim.zara@wps.com
[2026-03-15T13:28:46.480Z] [INFO      ] Inserted Password_Recovery: d4b172c778f3b361efd8 | User: victim.zara@wps.com | Admin: U002
[2026-03-15T13:28:46.516Z] [TX-COMMIT ] Route: POST /password-recovery | Recovery request d4b172c778f3b361efd8 created
[2026-03-15T13:28:46.537Z] [TX-START  ] Route: PUT /password-recovery/:id | User: U001
[2026-03-15T13:28:46.543Z] [TX-COMMIT ] Route: PUT /password-recovery/:id | Recovery d4b172c778f3b361efd8 updated -> Pending
[2026-03-15T13:28:46.547Z] [TX-START  ] Route: PUT /password-recovery/:id/reset-password | User: U001
[2026-03-15T13:28:46.638Z] [INFO      ] Password updated for: victim.zara@wps.com
[2026-03-15T13:28:46.648Z] [TX-COMMIT ] Route: PUT /password-recovery/:id/reset-password | Password reset for victim.zara@wps.com
[2026-03-15T13:28:46.652Z] [TX-START  ] Route: PUT /password-recovery/:id/reset-password | User: U001
[2026-03-15T13:28:46.654Z] [TX-ROLLBACK] Route: PUT /password-recovery/:id/reset-password | Reason: Already processed: d4b172c778f3b361efd8
[2026-03-15T13:28:46.658Z] [TX-START  ] Route: PUT /password-recovery/:id | User: U001
[2026-03-15T13:28:46.661Z] [TX-ROLLBACK] Route: PUT /password-recovery/:id | Reason: Already processed: d4b172c778f3b361efd8
[2026-03-15T13:28:46.664Z] [TX-START  ] Route: POST /password-recovery | User: victim.zara@wps.com
[2026-03-15T13:28:46.670Z] [INFO      ] Inserted Password_Recovery: 2cf50da657d2f13a6451 | User: victim.zara@wps.com | Admin: U003
[2026-03-15T13:28:46.673Z] [TX-COMMIT ] Route: POST /password-recovery | Recovery request 2cf50da657d2f13a6451 created
[2026-03-15T13:28:46.678Z] [TX-START  ] Route: PUT /password-recovery/:id/reset-password | User: U001
[2026-03-15T13:28:46.680Z] [TX-START  ] Route: PUT /password-recovery/:id/reset-password | User: U002
[2026-03-15T13:28:46.775Z] [INFO      ] Password updated for: victim.zara@wps.com
[2026-03-15T13:28:46.788Z] [TX-COMMIT ] Route: PUT /password-recovery/:id/reset-password | Password reset for victim.zara@wps.com
[2026-03-15T13:28:46.790Z] [TX-ROLLBACK] Route: PUT /password-recovery/:id/reset-password | Reason: Already processed: 2cf50da657d2f13a6451
[2026-03-15T13:28:46.794Z] [TX-START  ] Route: POST /password-recovery | User: victim.zara@wps.com
[2026-03-15T13:28:46.797Z] [INFO      ] Inserted Password_Recovery: 341c81acb387e2718520 | User: victim.zara@wps.com | Admin: U001
[2026-03-15T13:28:46.801Z] [TX-COMMIT ] Route: POST /password-recovery | Recovery request 341c81acb387e2718520 created
[2026-03-15T13:28:46.804Z] [TX-START  ] Route: POST /password-recovery | User: victim.zara@wps.com
[2026-03-15T13:28:46.807Z] [INFO      ] Inserted Password_Recovery: b4cd4098d86402c55f35 | User: victim.zara@wps.com | Admin: U002
[2026-03-15T13:28:46.811Z] [TX-COMMIT ] Route: POST /password-recovery | Recovery request b4cd4098d86402c55f35 created
[2026-03-15T13:28:46.813Z] [TX-START  ] Route: POST /password-recovery | User: victim.zara@wps.com
[2026-03-15T13:28:46.818Z] [INFO      ] Inserted Password_Recovery: 936861330be8ba73de95 | User: victim.zara@wps.com | Admin: U003
[2026-03-15T13:28:46.822Z] [TX-COMMIT ] Route: POST /password-recovery | Recovery request 936861330be8ba73de95 created
[2026-03-15T13:28:46.826Z] [TX-START  ] Route: POST /password-recovery | User: victim.zara@wps.com
[2026-03-15T13:28:46.829Z] [INFO      ] Inserted Password_Recovery: 96dca115f73ced82ad7b | User: victim.zara@wps.com | Admin: U001
[2026-03-15T13:28:46.833Z] [TX-COMMIT ] Route: POST /password-recovery | Recovery request 96dca115f73ced82ad7b created
[2026-03-15T13:28:46.837Z] [TX-START  ] Route: DELETE /password-recovery/:id | User: U001
[2026-03-15T13:28:46.842Z] [TX-COMMIT ] Route: DELETE /password-recovery/:id | Recovery 96dca115f73ced82ad7b deleted
[2026-03-15T13:28:46.846Z] [TX-START  ] Route: POST /victim/request | User: U020
[2026-03-15T13:28:46.851Z] [INFO      ] Inserted Request_log: 41a3ca5d57d974e054fd | Victim: U020 | Dispatcher: U005
[2026-03-15T13:28:46.854Z] [TX-COMMIT ] Route: POST /victim/request | Request 41a3ca5d57d974e054fd submitted
[2026-03-15T13:28:46.877Z] [TX-START  ] Route: POST /victim/request | User: U020
[2026-03-15T13:28:46.881Z] [INFO      ] Inserted Request_log: bcb9cdaa39cff56c1c54 | Victim: U020 | Dispatcher: U006
[2026-03-15T13:28:46.885Z] [TX-COMMIT ] Route: POST /victim/request | Request bcb9cdaa39cff56c1c54 submitted
[2026-03-15T13:28:46.888Z] [TX-START  ] Route: POST /victim/request | User: U020
[2026-03-15T13:28:46.891Z] [INFO      ] Inserted Request_log: 0999535bac8ba99fb3cd | Victim: U020 | Dispatcher: U006
[2026-03-15T13:28:46.895Z] [TX-COMMIT ] Route: POST /victim/request | Request 0999535bac8ba99fb3cd submitted
[2026-03-15T13:28:46.898Z] [TX-START  ] Route: POST /victim/request | User: U020
[2026-03-15T13:28:46.901Z] [INFO      ] Inserted Request_log: 06943ce7eab0c29dbfee | Victim: U020 | Dispatcher: U007
[2026-03-15T13:28:46.905Z] [TX-COMMIT ] Route: POST /victim/request | Request 06943ce7eab0c29dbfee submitted
[2026-03-15T15:01:25.418Z] [SUCCESS   ] Login: U020 | Roles: Victim
[2026-03-15T15:03:00.835Z] [TX-START  ] Route: POST /auth/register | User: testuser123@wps.com
[2026-03-15T15:03:00.898Z] [INFO      ] Inserted User: e20143faeb0bfb4e (testuser123@wps.com)
[2026-03-15T15:03:00.899Z] [INFO      ] Inserted Victim: e20143faeb0bfb4e
[2026-03-15T15:03:00.902Z] [TX-COMMIT ] Route: POST /auth/register | Victim registered: e20143faeb0bfb4e
[2026-03-15T15:03:00.908Z] [TX-START  ] Route: POST /auth/register | User: testuser123@wps.com
[2026-03-15T15:03:00.962Z] [TX-ROLLBACK] Route: POST /auth/register | Reason: Duplicate entry 'testuser123@wps.com' for key 'user.Email'
[2026-03-15T15:03:00.967Z] [TX-START  ] Route: POST /auth/register | User: testuser456@wps.com
[2026-03-15T15:03:01.020Z] [TX-ROLLBACK] Route: POST /auth/register | Reason: Duplicate entry '3520111111999' for key 'user.CNIC'
[2026-03-15T15:06:39.124Z] [TX-START  ] Route: POST /auth/register | User: testuser123@wps.com
[2026-03-15T15:06:39.135Z] [TX-START  ] Route: POST /auth/register | User: testuser123@wps.com
[2026-03-15T15:06:39.140Z] [TX-START  ] Route: POST /auth/register | User: testuser456@wps.com
[2026-03-15T15:53:30.057Z] [SUCCESS   ] Login: U021 | Roles: Victim
[2026-03-15T15:53:30.129Z] [SUCCESS   ] Login: U001 | Roles: Admin
[2026-03-15T15:53:30.186Z] [SUCCESS   ] Login: U002 | Roles: Admin
[2026-03-15T15:53:30.241Z] [SUCCESS   ] Login: U003 | Roles: Admin
[2026-03-15T15:53:30.245Z] [TX-START  ] Route: POST /password-recovery | User: victim.sadia@wps.com
[2026-03-15T15:53:30.259Z] [INFO      ] Inserted Password_Recovery: e8d4d2dd5dc80cb4e782 | User: victim.sadia@wps.com | Admin: U001
[2026-03-15T15:53:30.262Z] [TX-COMMIT ] Route: POST /password-recovery | Recovery request e8d4d2dd5dc80cb4e782 created
[2026-03-15T15:53:30.278Z] [TX-START  ] Route: PUT /password-recovery/:id | User: U001
[2026-03-15T15:53:30.281Z] [TX-COMMIT ] Route: PUT /password-recovery/:id | Recovery e8d4d2dd5dc80cb4e782 updated
[2026-03-15T15:53:30.284Z] [TX-START  ] Route: PUT /password-recovery/:id | User: U001
[2026-03-15T15:53:30.285Z] [TX-COMMIT ] Route: PUT /password-recovery/:id | Recovery e8d4d2dd5dc80cb4e782 updated
[2026-03-15T15:53:30.287Z] [TX-START  ] Route: PUT /password-recovery/:id | User: U001
[2026-03-15T15:53:30.289Z] [TX-COMMIT ] Route: PUT /password-recovery/:id | Recovery e8d4d2dd5dc80cb4e782 updated
[2026-03-15T15:53:30.292Z] [TX-START  ] Route: PUT /password-recovery/:id/reset-password | User: U002
[2026-03-15T15:53:30.293Z] [TX-ROLLBACK] Route: PUT /password-recovery/:id/reset-password | Reason: Unauthorized: U002
[2026-03-15T15:53:30.297Z] [TX-START  ] Route: PUT /password-recovery/:id/reset-password | User: U001
[2026-03-15T15:53:30.349Z] [INFO      ] Password updated for: victim.sadia@wps.com
[2026-03-15T15:53:30.352Z] [TX-COMMIT ] Route: PUT /password-recovery/:id/reset-password | Password reset for victim.sadia@wps.com
[2026-03-15T15:53:30.354Z] [TX-START  ] Route: PUT /password-recovery/:id/reset-password | User: U001
[2026-03-15T15:53:30.355Z] [TX-ROLLBACK] Route: PUT /password-recovery/:id/reset-password | Reason: Already processed: e8d4d2dd5dc80cb4e782
[2026-03-15T15:53:30.358Z] [TX-START  ] Route: PUT /password-recovery/:id | User: U001
[2026-03-15T15:53:30.359Z] [TX-ROLLBACK] Route: PUT /password-recovery/:id | Reason: Already processed: e8d4d2dd5dc80cb4e782
[2026-03-15T15:53:30.361Z] [TX-START  ] Route: POST /password-recovery | User: victim.sadia@wps.com
[2026-03-15T15:53:30.363Z] [INFO      ] Inserted Password_Recovery: d7553fbc58e31b68ce0d | User: victim.sadia@wps.com | Admin: U002
[2026-03-15T15:53:30.365Z] [TX-COMMIT ] Route: POST /password-recovery | Recovery request d7553fbc58e31b68ce0d created
[2026-03-15T15:53:30.367Z] [TX-START  ] Route: PUT /password-recovery/:id/reset-password | User: U002
[2026-03-15T15:53:30.369Z] [TX-START  ] Route: PUT /password-recovery/:id/reset-password | User: U002
[2026-03-15T15:53:30.423Z] [INFO      ] Password updated for: victim.sadia@wps.com
[2026-03-15T15:53:30.426Z] [TX-COMMIT ] Route: PUT /password-recovery/:id/reset-password | Password reset for victim.sadia@wps.com
[2026-03-15T15:53:30.427Z] [TX-ROLLBACK] Route: PUT /password-recovery/:id/reset-password | Reason: Already processed: d7553fbc58e31b68ce0d
[2026-03-15T15:53:30.429Z] [TX-START  ] Route: POST /password-recovery | User: victim.sadia@wps.com
[2026-03-15T15:53:30.431Z] [INFO      ] Inserted Password_Recovery: 3eafac6e4f9a8ab30485 | User: victim.sadia@wps.com | Admin: U003
[2026-03-15T15:53:30.433Z] [TX-COMMIT ] Route: POST /password-recovery | Recovery request 3eafac6e4f9a8ab30485 created
[2026-03-15T15:53:30.435Z] [TX-START  ] Route: POST /password-recovery | User: victim.sadia@wps.com
[2026-03-15T15:53:30.437Z] [INFO      ] Inserted Password_Recovery: bca7afee34781c168f72 | User: victim.sadia@wps.com | Admin: U001
[2026-03-15T15:53:30.439Z] [TX-COMMIT ] Route: POST /password-recovery | Recovery request bca7afee34781c168f72 created
[2026-03-15T15:53:30.441Z] [TX-START  ] Route: POST /password-recovery | User: victim.sadia@wps.com
[2026-03-15T15:53:30.444Z] [INFO      ] Inserted Password_Recovery: 5c43c4c570ac291d4718 | User: victim.sadia@wps.com | Admin: U002
[2026-03-15T15:53:30.446Z] [TX-COMMIT ] Route: POST /password-recovery | Recovery request 5c43c4c570ac291d4718 created
[2026-03-15T15:53:30.448Z] [TX-START  ] Route: POST /password-recovery | User: victim.sadia@wps.com
[2026-03-15T15:53:30.450Z] [INFO      ] Inserted Password_Recovery: 9089f47a3bd3a2b334b7 | User: victim.sadia@wps.com | Admin: U003
[2026-03-15T15:53:30.452Z] [TX-COMMIT ] Route: POST /password-recovery | Recovery request 9089f47a3bd3a2b334b7 created
[2026-03-15T15:53:30.454Z] [TX-START  ] Route: DELETE /password-recovery/:id | User: U001
[2026-03-15T15:53:30.457Z] [TX-COMMIT ] Route: DELETE /password-recovery/:id | Recovery 9089f47a3bd3a2b334b7 deleted
[2026-03-15T15:53:30.459Z] [TX-START  ] Route: POST /password-recovery | User: victim.sadia@wps.com
[2026-03-15T15:53:30.462Z] [INFO      ] Inserted Password_Recovery: 043f2600d4294a1b417b | User: victim.sadia@wps.com | Admin: U003
[2026-03-15T15:53:30.463Z] [TX-COMMIT ] Route: POST /password-recovery | Recovery request 043f2600d4294a1b417b created
[2026-03-15T15:53:30.465Z] [TX-START  ] Route: PUT /password-recovery/:id/reset-password | User: U003
[2026-03-15T15:53:30.519Z] [INFO      ] Password updated for: victim.sadia@wps.com
[2026-03-15T15:53:30.521Z] [TX-COMMIT ] Route: PUT /password-recovery/:id/reset-password | Password reset for victim.sadia@wps.com
[2026-03-20T08:57:01.423Z] [SUCCESS   ] Login: U001 | Roles: Admin
[2026-03-20T09:00:36.712Z] [SUCCESS   ] Login: U010 | Roles: Volunteer
[2026-03-20T09:01:11.624Z] [SUCCESS   ] Login: U020 | Roles: Victim
[2026-03-20T09:01:26.447Z] [SUCCESS   ] Login: U004 | Roles: Dispatcher
[2026-03-20T09:19:30.121Z] [TX-START  ] Route: POST /auth/register | User: bscs24124@itu.edu.pk
[2026-03-20T09:19:30.315Z] [INFO      ] Inserted User: de83fbe620a8eeaf (bscs24124@itu.edu.pk)
[2026-03-20T09:19:30.318Z] [INFO      ] Inserted Victim: de83fbe620a8eeaf
[2026-03-20T09:19:30.324Z] [TX-COMMIT ] Route: POST /auth/register | Victim registered: de83fbe620a8eeaf
[2026-03-20T09:41:32.364Z] [TX-START  ] Route: POST /auth/register | User: bscs23124@itu.edu.pk
[2026-03-20T09:41:32.502Z] [INFO      ] Inserted User: 876350009e73dcfb (bscs23124@itu.edu.pk)
[2026-03-20T09:41:32.505Z] [INFO      ] Inserted Victim: 876350009e73dcfb
[2026-03-20T09:41:32.510Z] [TX-COMMIT ] Route: POST /auth/register | Victim registered: 876350009e73dcfb
[2026-03-20T09:42:56.444Z] [SUCCESS   ] Login: 876350009e73dcfb | Roles: Victim
[2026-03-20T09:53:31.977Z] [TX-START  ] Route: POST /auth/register | User: bsse24124@itu.com
[2026-03-20T09:53:32.115Z] [INFO      ] Inserted User: 34c0ccffe21a6c50 (bsse24124@itu.com)
[2026-03-20T09:53:32.116Z] [INFO      ] Inserted Victim: 34c0ccffe21a6c50
[2026-03-20T09:53:32.121Z] [TX-COMMIT ] Route: POST /auth/register | Victim registered: 34c0ccffe21a6c50
[2026-03-20T09:56:35.594Z] [TX-START  ] Route: POST /auth/register | User: bsss124@itu.edu.com
[2026-03-20T09:56:35.733Z] [INFO      ] Inserted User: fc1b39d05a8df5aa (bsss124@itu.edu.com)
[2026-03-20T09:56:35.735Z] [INFO      ] Inserted Victim: fc1b39d05a8df5aa
[2026-03-20T09:56:35.740Z] [TX-COMMIT ] Route: POST /auth/register | Victim registered: fc1b39d05a8df5aa
[2026-03-27T11:44:44.408Z] [TX-START  ] Route: POST /auth/register | User: testuser_1774611884371@mail.com
[2026-03-27T11:44:44.483Z] [INFO      ] Inserted User: 8326a30fc58f1cf6 (testuser_1774611884371@mail.com)
[2026-03-27T11:44:44.485Z] [INFO      ] Inserted Victim: 8326a30fc58f1cf6
[2026-03-27T11:44:44.487Z] [TX-COMMIT ] Route: POST /auth/register | Victim registered: 8326a30fc58f1cf6
[2026-03-27T11:44:44.497Z] [TX-START  ] Route: POST /auth/register | User: testuser_1774611884371@mail.com
[2026-03-27T11:44:44.559Z] [SUCCESS   ] Login: U019 | Roles: Victim
[2026-03-27T11:44:44.667Z] [SUCCESS   ] Login: U003 | Roles: Admin
[2026-03-27T11:44:44.686Z] [TX-START  ] Route: POST /password-recovery | User: undefined
[2026-03-27T11:44:44.687Z] [TX-ROLLBACK] Route: POST /password-recovery | Reason: User not found: undefined
[2026-03-27T11:44:44.696Z] [TX-START  ] Route: PUT /password-recovery/:id/reset-password | User: U003
[2026-03-27T11:44:44.698Z] [TX-ROLLBACK] Route: PUT /password-recovery/:id/reset-password | Reason: Unauthorized: U003
[2026-03-27T11:44:44.699Z] [TX-START  ] Route: PUT /password-recovery/:id/reset-password | User: U003
[2026-03-27T11:44:44.701Z] [TX-ROLLBACK] Route: PUT /password-recovery/:id/reset-password | Reason: Unauthorized: U003
[2026-03-27T11:44:44.706Z] [TX-START  ] Route: PUT /password-recovery/:id | User: U003
[2026-03-27T11:44:44.709Z] [TX-COMMIT ] Route: PUT /password-recovery/:id | Recovery 723638f212877f82a6a4 updated
[2026-03-27T11:44:44.713Z] [TX-START  ] Route: DELETE /password-recovery/:id | User: U003
[2026-03-27T11:44:44.715Z] [TX-COMMIT ] Route: DELETE /password-recovery/:id | Recovery 723638f212877f82a6a4 deleted
[2026-03-27T11:44:44.718Z] [TX-START  ] Route: PUT /password-recovery/:id/reset-password | User: U003
[2026-03-27T11:44:44.719Z] [TX-ROLLBACK] Route: PUT /password-recovery/:id/reset-password | Reason: Not found: FAKEID999
[2026-03-27T11:44:44.726Z] [INFO      ] Victim emergency request b6c12b3e9f1028492558 submitted for U019 without login
[2026-03-27T11:44:44.734Z] [INFO      ] Auto-registered Volunteer as Victim for emergency: U011
[2026-03-27T11:44:44.737Z] [INFO      ] Volunteer emergency request 36ebd7155388ef3a1c2c submitted for U011 without login
[2026-03-27T11:44:44.745Z] [INFO      ] Auto-registered Admin as Victim for emergency: U003
[2026-03-27T11:44:44.748Z] [INFO      ] Admin emergency request 0401234a5543f1697090 submitted for U003 without login
[2026-03-27T11:44:44.754Z] [INFO      ] Admin emergency request 2a8f283426b1da00b800 submitted for U003 without login
[2026-03-27T11:44:44.759Z] [TX-START  ] Route: POST /victim/request | User: U019
[2026-03-27T11:44:44.762Z] [INFO      ] Inserted Request_log: 4c26cd954361b4847238 | Victim: U019 | Dispatcher: U008
[2026-03-27T11:44:44.763Z] [TX-COMMIT ] Route: POST /victim/request | Request 4c26cd954361b4847238 submitted
[2026-03-27T11:44:44.775Z] [TX-START  ] Route: POST /victim/register | User: U019
[2026-03-27T11:44:44.777Z] [TX-ROLLBACK] Route: POST /victim/register | Reason: Already a victim: U019
[2026-03-27T11:44:44.834Z] [SUCCESS   ] Login: U003 | Roles: Victim, Admin
[2026-03-27T11:44:44.836Z] [TX-START  ] Route: POST /password-recovery | User: undefined
[2026-03-27T11:44:44.837Z] [TX-ROLLBACK] Route: POST /password-recovery | Reason: User not found: undefined
[2026-03-27T11:57:54.921Z] [TX-START  ] Route: POST /auth/register | User: testuser_1774612674883@mail.com
[2026-03-27T11:57:54.938Z] [TX-START  ] Route: POST /auth/register | User: testuser_1774612674883@mail.com
[2026-03-27T11:57:55.008Z] [SUCCESS   ] Login: U019 | Roles: Victim
[2026-03-27T11:57:55.121Z] [SUCCESS   ] Login: U003 | Roles: Victim, Admin
[2026-03-27T11:57:55.144Z] [TX-START  ] Route: POST /password-recovery | User: admin.fatima@wps.com
[2026-03-27T11:57:55.147Z] [INFO      ] Inserted Password_Recovery: fb04fb9db712a313fc0f | User: admin.fatima@wps.com | Admin: U001
[2026-03-27T11:57:55.149Z] [TX-COMMIT ] Route: POST /password-recovery | Recovery request fb04fb9db712a313fc0f created
[2026-03-27T11:57:55.155Z] [TX-START  ] Route: PUT /password-recovery/:id/reset-password | User: U003
[2026-03-27T11:57:55.157Z] [TX-ROLLBACK] Route: PUT /password-recovery/:id/reset-password | Reason: Unauthorized: U003
[2026-03-27T11:57:55.159Z] [TX-START  ] Route: PUT /password-recovery/:id/reset-password | User: U003
[2026-03-27T11:57:55.160Z] [TX-ROLLBACK] Route: PUT /password-recovery/:id/reset-password | Reason: Unauthorized: U003
[2026-03-27T11:57:55.165Z] [TX-START  ] Route: PUT /password-recovery/:id | User: U003
[2026-03-27T11:57:55.168Z] [TX-COMMIT ] Route: PUT /password-recovery/:id | Recovery fb04fb9db712a313fc0f updated
[2026-03-27T11:57:55.173Z] [TX-START  ] Route: DELETE /password-recovery/:id | User: U003
[2026-03-27T11:57:55.176Z] [TX-COMMIT ] Route: DELETE /password-recovery/:id | Recovery fb04fb9db712a313fc0f deleted
[2026-03-27T11:57:55.178Z] [TX-START  ] Route: PUT /password-recovery/:id/reset-password | User: U003
[2026-03-27T11:57:55.179Z] [TX-ROLLBACK] Route: PUT /password-recovery/:id/reset-password | Reason: Not found: FAKEID999
[2026-03-27T11:57:55.184Z] [INFO      ] Victim emergency request 8b1a5ac891d21490f973 submitted for U019 without login
[2026-03-27T11:57:55.195Z] [INFO      ] Volunteer emergency request 9b83461a275a43314d0d submitted for U011 without login
[2026-03-27T11:57:55.205Z] [INFO      ] Admin emergency request c006bc4a7e4b89bce976 submitted for U003 without login
[2026-03-27T11:57:55.210Z] [INFO      ] Admin emergency request 4a229ab6811ff2cd5b1b submitted for U003 without login
[2026-03-27T11:57:55.215Z] [TX-START  ] Route: POST /victim/request | User: U019
[2026-03-27T11:57:55.217Z] [INFO      ] Inserted Request_log: bfd27dcffe2296aff7b4 | Victim: U019 | Dispatcher: U005
[2026-03-27T11:57:55.219Z] [TX-COMMIT ] Route: POST /victim/request | Request bfd27dcffe2296aff7b4 submitted
[2026-03-27T11:57:55.228Z] [TX-START  ] Route: POST /victim/register | User: U019
[2026-03-27T11:57:55.230Z] [TX-ROLLBACK] Route: POST /victim/register | Reason: Already a victim: U019
[2026-03-27T11:57:55.286Z] [SUCCESS   ] Login: U003 | Roles: Victim, Admin
[2026-03-27T11:59:49.700Z] [TX-START  ] Route: POST /auth/register | User: testuser_1774612789661@mail.com
[2026-03-27T11:59:49.710Z] [TX-START  ] Route: POST /auth/register | User: testuser_1774612789661@mail.com
[2026-03-27T11:59:49.781Z] [SUCCESS   ] Login: U019 | Roles: Victim
[2026-03-27T11:59:49.896Z] [SUCCESS   ] Login: U003 | Roles: Victim, Admin
[2026-03-27T11:59:49.911Z] [TX-START  ] Route: POST /password-recovery | User: admin.fatima@wps.com
[2026-03-27T11:59:49.921Z] [INFO      ] Inserted Password_Recovery: b76d435f02ce9ef7eb4a | User: admin.fatima@wps.com | Admin: U001
[2026-03-27T11:59:49.924Z] [TX-COMMIT ] Route: POST /password-recovery | Recovery request b76d435f02ce9ef7eb4a created
[2026-03-27T11:59:49.933Z] [TX-START  ] Route: PUT /password-recovery/:id | User: U003
[2026-03-27T11:59:49.936Z] [TX-COMMIT ] Route: PUT /password-recovery/:id | Recovery b76d435f02ce9ef7eb4a updated
[2026-03-27T11:59:49.939Z] [TX-START  ] Route: DELETE /password-recovery/:id | User: U003
[2026-03-27T11:59:49.942Z] [TX-COMMIT ] Route: DELETE /password-recovery/:id | Recovery b76d435f02ce9ef7eb4a deleted
[2026-03-27T11:59:49.944Z] [TX-START  ] Route: PUT /password-recovery/:id/reset-password | User: U003
[2026-03-27T11:59:49.945Z] [TX-ROLLBACK] Route: PUT /password-recovery/:id/reset-password | Reason: Not found: FAKEID999
[2026-03-27T11:59:49.951Z] [INFO      ] Victim emergency request 6f57a4b08a55db051186 submitted for U019 without login
[2026-03-27T11:59:49.962Z] [INFO      ] Volunteer emergency request bf870f9d69aabacf690f submitted for U011 without login
[2026-03-27T11:59:49.971Z] [INFO      ] Admin emergency request 9ce274bd56946a075515 submitted for U003 without login
[2026-03-27T11:59:49.977Z] [INFO      ] Admin emergency request 5eb64268d3a6fe48e462 submitted for U003 without login
[2026-03-27T11:59:49.982Z] [TX-START  ] Route: POST /victim/request | User: U019
[2026-03-27T11:59:49.984Z] [INFO      ] Inserted Request_log: a030c38b6ec1aa572129 | Victim: U019 | Dispatcher: U007
[2026-03-27T11:59:49.986Z] [TX-COMMIT ] Route: POST /victim/request | Request a030c38b6ec1aa572129 submitted
[2026-03-27T11:59:49.995Z] [TX-START  ] Route: POST /victim/register | User: U019
[2026-03-27T11:59:49.997Z] [TX-ROLLBACK] Route: POST /victim/register | Reason: Already a victim: U019
[2026-03-27T11:59:50.055Z] [SUCCESS   ] Login: U003 | Roles: Victim, Admin
[2026-03-27T12:02:06.135Z] [TX-START  ] Route: POST /auth/register | User: testuser_1774612926097@mail.com
[2026-03-27T12:02:06.209Z] [INFO      ] Inserted User: 32e11ba1e8c0cc91 (testuser_1774612926097@mail.com)
[2026-03-27T12:02:06.211Z] [INFO      ] Inserted Victim: 32e11ba1e8c0cc91
[2026-03-27T12:02:06.214Z] [TX-COMMIT ] Route: POST /auth/register | Victim registered: 32e11ba1e8c0cc91
[2026-03-27T12:02:06.224Z] [TX-START  ] Route: POST /auth/register | User: testuser_1774612926097@mail.com
[2026-03-27T12:02:06.287Z] [SUCCESS   ] Login: U019 | Roles: Victim
[2026-03-27T12:02:06.397Z] [SUCCESS   ] Login: U003 | Roles: Admin
[2026-03-27T12:02:06.414Z] [TX-START  ] Route: POST /password-recovery | User: testuser_1774612926097@mail.com
[2026-03-27T12:02:06.416Z] [INFO      ] Inserted Password_Recovery: 4176be78aaf0d96c9e29 | User: testuser_1774612926097@mail.com | Admin: U001
[2026-03-27T12:02:06.418Z] [TX-COMMIT ] Route: POST /password-recovery | Recovery request 4176be78aaf0d96c9e29 created
[2026-03-27T12:02:06.426Z] [TX-START  ] Route: PUT /password-recovery/:id/reset-password | User: U003
[2026-03-27T12:02:06.428Z] [TX-ROLLBACK] Route: PUT /password-recovery/:id/reset-password | Reason: Unauthorized: U003
[2026-03-27T12:02:06.430Z] [TX-START  ] Route: PUT /password-recovery/:id/reset-password | User: U003
[2026-03-27T12:02:06.431Z] [TX-ROLLBACK] Route: PUT /password-recovery/:id/reset-password | Reason: Unauthorized: U003
[2026-03-27T12:02:06.435Z] [TX-START  ] Route: PUT /password-recovery/:id | User: U003
[2026-03-27T12:02:06.438Z] [TX-COMMIT ] Route: PUT /password-recovery/:id | Recovery 4176be78aaf0d96c9e29 updated
[2026-03-27T12:02:06.442Z] [TX-START  ] Route: DELETE /password-recovery/:id | User: U003
[2026-03-27T12:02:06.445Z] [TX-COMMIT ] Route: DELETE /password-recovery/:id | Recovery 4176be78aaf0d96c9e29 deleted
[2026-03-27T12:02:06.447Z] [TX-START  ] Route: PUT /password-recovery/:id/reset-password | User: U003
[2026-03-27T12:02:06.448Z] [TX-ROLLBACK] Route: PUT /password-recovery/:id/reset-password | Reason: Not found: FAKEID999
[2026-03-27T12:02:06.454Z] [INFO      ] Victim emergency request ad466fcbc2c1413f3784 submitted for U019 without login
[2026-03-27T12:02:06.461Z] [INFO      ] Auto-registered Volunteer as Victim for emergency: U011
[2026-03-27T12:02:06.464Z] [INFO      ] Volunteer emergency request 4c77084cef6c6b31f221 submitted for U011 without login
[2026-03-27T12:02:06.472Z] [INFO      ] Auto-registered Admin as Victim for emergency: U003
[2026-03-27T12:02:06.474Z] [INFO      ] Admin emergency request ce3992836b7fe0b9c8a3 submitted for U003 without login
[2026-03-27T12:02:06.480Z] [INFO      ] Admin emergency request e090672b8ce9dfa302d4 submitted for U003 without login
[2026-03-27T12:02:06.484Z] [TX-START  ] Route: POST /victim/request | User: U019
[2026-03-27T12:02:06.487Z] [INFO      ] Inserted Request_log: c31900b8e59bf91ca1bf | Victim: U019 | Dispatcher: U007
[2026-03-27T12:02:06.489Z] [TX-COMMIT ] Route: POST /victim/request | Request c31900b8e59bf91ca1bf submitted
[2026-03-27T12:02:06.498Z] [TX-START  ] Route: POST /victim/register | User: U019
[2026-03-27T12:02:06.500Z] [TX-ROLLBACK] Route: POST /victim/register | Reason: Already a victim: U019
[2026-03-27T12:02:06.557Z] [SUCCESS   ] Login: U003 | Roles: Victim, Admin
[2026-03-27T12:02:06.559Z] [TX-START  ] Route: POST /password-recovery | User: testuser_1774612926097@mail.com
[2026-03-27T12:02:06.562Z] [INFO      ] Inserted Password_Recovery: 9e1388641b14ea7ce9a3 | User: testuser_1774612926097@mail.com | Admin: U001
[2026-03-27T12:02:06.563Z] [TX-COMMIT ] Route: POST /password-recovery | Recovery request 9e1388641b14ea7ce9a3 created
[2026-03-27T16:15:09.117Z] [SUCCESS   ] Login: U019 | Roles: Victim
[2026-03-27T16:15:09.237Z] [SUCCESS   ] Login: U009 | Roles: Volunteer
[2026-03-27T16:15:09.334Z] [SUCCESS   ] Login: U001 | Roles: Admin
[2026-03-27T16:15:09.430Z] [SUCCESS   ] Login: U004 | Roles: Dispatcher
[2026-03-27T16:15:09.659Z] [SUCCESS   ] Login: U039 | Roles: Victim
[2026-03-27T16:15:09.696Z] [TX-START  ] Route: POST /password-recovery | User: victim.asma@wps.com
[2026-03-27T16:15:09.706Z] [TX-ROLLBACK] Route: POST /password-recovery | Reason: No admins available
[2026-03-27T16:15:09.711Z] [TX-START  ] Route: POST /password-recovery | User: vol.ayesha@wps.com
[2026-03-27T16:15:09.713Z] [TX-ROLLBACK] Route: POST /password-recovery | Reason: No admins available
[2026-03-27T16:15:09.817Z] [SUCCESS   ] Login: U001 | Roles: Admin
[2026-03-27T16:15:09.822Z] [TX-START  ] Route: PUT /password-recovery/:id/reset-password | User: U001
[2026-03-27T16:15:09.824Z] [TX-ROLLBACK] Route: PUT /password-recovery/:id/reset-password | Reason: Not found: undefined
[2026-03-27T16:15:09.917Z] [SUCCESS   ] Login: U002 | Roles: Admin
[2026-03-27T16:15:09.920Z] [TX-START  ] Route: PUT /password-recovery/:id/reset-password | User: U002
[2026-03-27T16:15:09.922Z] [TX-ROLLBACK] Route: PUT /password-recovery/:id/reset-password | Reason: Not found: undefined
[2026-03-27T16:15:10.015Z] [SUCCESS   ] Login: U003 | Roles: Admin
[2026-03-27T16:15:10.018Z] [TX-START  ] Route: PUT /password-recovery/:id/reset-password | User: U003
[2026-03-27T16:15:10.020Z] [TX-ROLLBACK] Route: PUT /password-recovery/:id/reset-password | Reason: Not found: undefined
[2026-03-27T16:15:10.024Z] [TX-START  ] Route: PUT /password-recovery/:id/reset-password | User: U001
[2026-03-27T16:15:10.026Z] [TX-ROLLBACK] Route: PUT /password-recovery/:id/reset-password | Reason: Not found: undefined
[2026-03-27T16:15:10.121Z] [SUCCESS   ] Login: U001 | Roles: Admin
[2026-03-27T16:15:10.125Z] [TX-START  ] Route: PUT /password-recovery/:id | User: U001
[2026-03-27T16:15:10.140Z] [TX-COMMIT ] Route: PUT /password-recovery/:id | Recovery PR006 updated
[2026-03-27T16:15:10.245Z] [SUCCESS   ] Login: U002 | Roles: Admin
[2026-03-27T16:15:10.251Z] [TX-START  ] Route: DELETE /password-recovery/:id | User: U002
[2026-03-27T16:15:10.284Z] [TX-COMMIT ] Route: DELETE /password-recovery/:id | Recovery PR010 deleted
[2026-03-27T16:15:10.288Z] [TX-START  ] Route: DELETE /password-recovery/:id | User: U001
[2026-03-27T16:15:10.290Z] [TX-ROLLBACK] Route: DELETE /password-recovery/:id | Reason: Not found: DOESNOTEXIST
[2026-03-27T16:15:10.304Z] [INFO      ] Victim emergency request c736615f5dc5586b2788 submitted for U019 without login
[2026-03-27T16:15:10.337Z] [INFO      ] Auto-registered Volunteer as Victim for emergency: U009
[2026-03-27T16:15:10.344Z] [INFO      ] Volunteer emergency request 028f1387eb051d5ac555 submitted for U009 without login
[2026-03-27T16:15:10.377Z] [INFO      ] Auto-registered Admin as Victim for emergency: U001
[2026-03-27T16:15:10.383Z] [INFO      ] Admin emergency request df664831d4e9351378b9 submitted for U001 without login
[2026-03-27T16:15:10.394Z] [INFO      ] Admin emergency request ccb7ce97f7f0fc12de51 submitted for U001 without login
[2026-03-27T16:15:10.427Z] [INFO      ] Auto-registered Dispatcher as Victim for emergency: U004
[2026-03-27T16:15:10.432Z] [INFO      ] Dispatcher emergency request 23677e90a202b9dacebc submitted for U004 without login
[2026-03-27T16:15:10.442Z] [INFO      ] Dispatcher emergency request 4b772907f5be3268b697 submitted for U004 without login
[2026-03-27T16:25:49.625Z] [SUCCESS   ] Login: U019 | Roles: Victim
[2026-03-27T16:25:49.759Z] [SUCCESS   ] Login: U009 | Roles: Volunteer
[2026-03-27T16:25:49.856Z] [SUCCESS   ] Login: U001 | Roles: Admin
[2026-03-27T16:25:49.955Z] [SUCCESS   ] Login: U002 | Roles: Admin
[2026-03-27T16:25:50.052Z] [SUCCESS   ] Login: U003 | Roles: Admin
[2026-03-27T16:25:50.148Z] [SUCCESS   ] Login: U004 | Roles: Dispatcher
[2026-03-27T16:25:50.406Z] [SUCCESS   ] Login: U039 | Roles: Victim
[2026-03-27T16:25:50.411Z] [TX-START  ] Route: POST /password-recovery | User: victim.asma@wps.com
[2026-03-27T16:25:50.416Z] [INFO      ] Inserted Password_Recovery: 9ab9b4d07605a7b02a82 | User: victim.asma@wps.com | Admin: U001
[2026-03-27T16:25:50.450Z] [TX-COMMIT ] Route: POST /password-recovery | Recovery request 9ab9b4d07605a7b02a82 created
[2026-03-27T16:25:50.454Z] [TX-START  ] Route: POST /password-recovery | User: vol.ayesha@wps.com
[2026-03-27T16:25:50.458Z] [INFO      ] Inserted Password_Recovery: 14288e387057fbef8e80 | User: vol.ayesha@wps.com | Admin: U003
[2026-03-27T16:25:50.462Z] [TX-COMMIT ] Route: POST /password-recovery | Recovery request 14288e387057fbef8e80 created
[2026-03-27T16:25:50.476Z] [TX-START  ] Route: PUT /password-recovery/:id/reset-password | User: U001
[2026-03-27T16:25:50.569Z] [INFO      ] Password updated for: victim.asma@wps.com
[2026-03-27T16:25:50.580Z] [TX-COMMIT ] Route: PUT /password-recovery/:id/reset-password | Password reset for victim.asma@wps.com
[2026-03-27T16:25:50.584Z] [TX-START  ] Route: PUT /password-recovery/:id/reset-password | User: U001
[2026-03-27T16:25:50.586Z] [TX-ROLLBACK] Route: PUT /password-recovery/:id/reset-password | Reason: Already processed: 9ab9b4d07605a7b02a82
[2026-03-27T16:25:50.589Z] [TX-START  ] Route: PUT /password-recovery/:id | User: U001
[2026-03-27T16:25:50.594Z] [TX-COMMIT ] Route: PUT /password-recovery/:id | Recovery PR006 updated
[2026-03-27T16:25:50.607Z] [TX-START  ] Route: DELETE /password-recovery/:id | User: U003
[2026-03-27T16:25:50.612Z] [TX-COMMIT ] Route: DELETE /password-recovery/:id | Recovery PR008 deleted
[2026-03-27T16:25:50.616Z] [TX-START  ] Route: DELETE /password-recovery/:id | User: U001
[2026-03-27T16:25:50.618Z] [TX-ROLLBACK] Route: DELETE /password-recovery/:id | Reason: Not found: DOESNOTEXIST
[2026-03-27T16:25:50.630Z] [INFO      ] Victim emergency request be2f038c020900d53c26 submitted for U019 without login
[2026-03-27T16:25:50.664Z] [INFO      ] Auto-registered Volunteer as Victim for emergency: U009
[2026-03-27T16:25:50.670Z] [INFO      ] Volunteer emergency request c16b3dc06f90c7ff14af submitted for U009 without login
[2026-03-27T16:25:50.679Z] [INFO      ] Volunteer emergency request b920384a87a58a85e109 submitted for U009 without login
[2026-03-27T16:25:50.710Z] [INFO      ] Auto-registered Admin as Victim for emergency: U001
[2026-03-27T16:25:50.716Z] [INFO      ] Admin emergency request 20b85eaf4977fde89f03 submitted for U001 without login
[2026-03-27T16:25:50.726Z] [INFO      ] Admin emergency request 5675676ac48680d5d23a submitted for U001 without login
[2026-03-27T16:25:50.755Z] [INFO      ] Auto-registered Dispatcher as Victim for emergency: U004
[2026-03-27T16:25:50.760Z] [INFO      ] Dispatcher emergency request 761d35973d3f11b2cc4b submitted for U004 without login
[2026-03-27T16:25:50.769Z] [INFO      ] Dispatcher emergency request 04828740878567ae02fa submitted for U004 without login
[2026-03-27T16:32:40.879Z] [SUCCESS   ] Login: U001 | Roles: Victim, Admin
[2026-03-27T16:39:48.657Z] [TX-START  ] Route: POST /auth/register | User: bsss124@itu.edu.com
[2026-03-27T16:39:48.800Z] [INFO      ] Inserted User: 31ac1443d4f7f0bf (bsss124@itu.edu.com)
[2026-03-27T16:39:48.803Z] [INFO      ] Inserted Victim: 31ac1443d4f7f0bf
[2026-03-27T16:39:48.807Z] [TX-COMMIT ] Route: POST /auth/register | Victim registered: 31ac1443d4f7f0bf
[2026-03-27T17:01:11.418Z] [INFO      ] Auto-registered Dispatcher as Victim for emergency: U005
[2026-03-27T17:01:11.434Z] [INFO      ] Dispatcher emergency request 6af2f4990a0e16f9737a submitted for U005 without login
[2026-03-27T17:03:15.670Z] [INFO      ] Dispatcher emergency request c1d847aa41d7b15ba06e submitted for U005 without login
[2026-03-27T17:13:31.190Z] [SUCCESS   ] Login: U009 | Roles: Volunteer
